Determining if the pthread_create exist failed with the following output:
Change Dir: /home/elena/GradoInformatica/Tercero/2Cuatrimestre/TSI/Practicas/practica2/build/CMakeFiles/CMakeTmp

Run Build Command:"/usr/bin/make" "cmTC_44774/fast"
/usr/bin/make -f CMakeFiles/cmTC_44774.dir/build.make CMakeFiles/cmTC_44774.dir/build
make[1]: se entra en el directorio '/home/elena/GradoInformatica/Tercero/2Cuatrimestre/TSI/Practicas/practica2/build/CMakeFiles/CMakeTmp'
Building C object CMakeFiles/cmTC_44774.dir/CheckSymbolExists.c.o
/usr/bin/cc     -o CMakeFiles/cmTC_44774.dir/CheckSymbolExists.c.o   -c /home/elena/GradoInformatica/Tercero/2Cuatrimestre/TSI/Practicas/practica2/build/CMakeFiles/CMakeTmp/CheckSymbolExists.c
Linking C executable cmTC_44774
/usr/bin/cmake -E cmake_link_script CMakeFiles/cmTC_44774.dir/link.txt --verbose=1
/usr/bin/cc       CMakeFiles/cmTC_44774.dir/CheckSymbolExists.c.o  -o cmTC_44774 -rdynamic 
CMakeFiles/cmTC_44774.dir/CheckSymbolExists.c.o: En la funci√≥n `main':
CheckSymbolExists.c:(.text+0x16): referencia a `pthread_create' sin definir
collect2: error: ld returned 1 exit status
CMakeFiles/cmTC_44774.dir/build.make:97: fallo en las instrucciones para el objetivo 'cmTC_44774'
make[1]: *** [cmTC_44774] Error 1
make[1]: se sale del directorio '/home/elena/GradoInformatica/Tercero/2Cuatrimestre/TSI/Practicas/practica2/build/CMakeFiles/CMakeTmp'
Makefile:126: fallo en las instrucciones para el objetivo 'cmTC_44774/fast'
make: *** [cmTC_44774/fast] Error 2

File /home/elena/GradoInformatica/Tercero/2Cuatrimestre/TSI/Practicas/practica2/build/CMakeFiles/CMakeTmp/CheckSymbolExists.c:
/* */
#include <pthread.h>

int main(int argc, char** argv)
{
  (void)argv;
#ifndef pthread_create
  return ((int*)(&pthread_create))[argc];
#else
  (void)argc;
  return 0;
#endif
}

Determining if the function pthread_create exists in the pthreads failed with the following output:
Change Dir: /home/elena/GradoInformatica/Tercero/2Cuatrimestre/TSI/Practicas/practica2/build/CMakeFiles/CMakeTmp

Run Build Command:"/usr/bin/make" "cmTC_4372a/fast"
/usr/bin/make -f CMakeFiles/cmTC_4372a.dir/build.make CMakeFiles/cmTC_4372a.dir/build
make[1]: se entra en el directorio '/home/elena/GradoInformatica/Tercero/2Cuatrimestre/TSI/Practicas/practica2/build/CMakeFiles/CMakeTmp'
Building C object CMakeFiles/cmTC_4372a.dir/CheckFunctionExists.c.o
/usr/bin/cc    -DCHECK_FUNCTION_EXISTS=pthread_create   -o CMakeFiles/cmTC_4372a.dir/CheckFunctionExists.c.o   -c /usr/share/cmake-3.5/Modules/CheckFunctionExists.c
Linking C executable cmTC_4372a
/usr/bin/cmake -E cmake_link_script CMakeFiles/cmTC_4372a.dir/link.txt --verbose=1
/usr/bin/cc   -DCHECK_FUNCTION_EXISTS=pthread_create    CMakeFiles/cmTC_4372a.dir/CheckFunctionExists.c.o  -o cmTC_4372a -rdynamic -lpthreads 
/usr/bin/ld: no se puede encontrar -lpthreads
collect2: error: ld returned 1 exit status
CMakeFiles/cmTC_4372a.dir/build.make:97: fallo en las instrucciones para el objetivo 'cmTC_4372a'
make[1]: *** [cmTC_4372a] Error 1
make[1]: se sale del directorio '/home/elena/GradoInformatica/Tercero/2Cuatrimestre/TSI/Practicas/practica2/build/CMakeFiles/CMakeTmp'
Makefile:126: fallo en las instrucciones para el objetivo 'cmTC_4372a/fast'
make: *** [cmTC_4372a/fast] Error 2


